<?xml version="1.0" encoding="UTF-8"?>
<!-- Generated by org.testng.reporters.JUnitXMLReporter -->
<testsuite ignored="1" hostname="DESKTOP-L8VPHJS" failures="1" tests="1" name="Default test(failed)" time="7.008" errors="0" timestamp="2024-02-01T15:48:36 IST">
  <testcase classname="testScripts.SampleOneTest" name="searchJavaTest" time="4.733">
    <failure type="java.lang.AssertionError" message="expected [Java Tutorial - Google Search Page] but found [Java Tutorial - Google Search]">
      <![CDATA[java.lang.AssertionError: expected [Java Tutorial - Google Search Page] but found [Java Tutorial - Google Search]
at testScripts.SampleOneTest.searchJavaTest(SampleOneTest.java:34)
at java.base/java.util.ArrayList.forEach(ArrayList.java:1510)
... Removed 33 stack frames]]>
    </failure>
  </testcase> <!-- searchJavaTest -->
  <testcase classname="testScripts.SampleOneTest" name="searchSeleniumTest" time="0.0">
    <ignored/>
  </testcase> <!-- searchSeleniumTest -->
</testsuite> <!-- Default test(failed) -->
