<?xml version="1.0" encoding="UTF-8"?>
<!-- Generated by org.testng.reporters.JUnitXMLReporter -->
<testsuite ignored="0" hostname="DESKTOP-L8VPHJS" failures="0" tests="4" name="ModuleTwoTest" time="8.419" errors="0" timestamp="2024-02-02T15:44:27 IST">
  <testcase classname="parallelScripts.SampleThreeTest" name="testFour" time="2.606"/>
  <testcase classname="parallelScripts.SampleThreeTest" name="testOne" time="1.646"/>
  <testcase classname="parallelScripts.SampleThreeTest" name="testThree" time="2.221"/>
  <testcase classname="parallelScripts.SampleThreeTest" name="testTwo" time="1.905"/>
</testsuite> <!-- ModuleTwoTest -->
