<?xml version="1.0" encoding="UTF-8"?>
<!-- Generated by org.testng.reporters.JUnitXMLReporter -->
<testsuite ignored="0" hostname="DESKTOP-L8VPHJS" failures="0" tests="8" name="ModuleOneTest" time="24.89" errors="0" timestamp="2024-02-02T15:44:44 IST">
  <testcase classname="parallelScripts.SampleOneTest" name="testFour" time="4.775"/>
  <testcase classname="parallelScripts.SampleOneTest" name="testOne" time="4.242"/>
  <testcase classname="parallelScripts.SampleOneTest" name="testThree" time="3.835"/>
  <testcase classname="parallelScripts.SampleOneTest" name="testTwo" time="3.805"/>
  <testcase classname="parallelScripts.SampleTwoTest" name="testFour" time="1.866"/>
  <testcase classname="parallelScripts.SampleTwoTest" name="testOne" time="2.33"/>
  <testcase classname="parallelScripts.SampleTwoTest" name="testThree" time="1.988"/>
  <testcase classname="parallelScripts.SampleTwoTest" name="testTwo" time="2.008"/>
</testsuite> <!-- ModuleOneTest -->
