<?xml version="1.0" encoding="UTF-8"?>
<testng-results ignored="0" total="2" passed="2" failed="0" skipped="0">
  <reporter-output>
  </reporter-output>
  <suite started-at="2024-02-07T17:24:19 IST" name="SampleSuite" finished-at="2024-02-07T17:24:34 IST" duration-ms="15403">
    <groups>
    </groups>
    <test started-at="2024-02-07T17:24:19 IST" name="ModuleOneTest" finished-at="2024-02-07T17:24:34 IST" duration-ms="15403">
      <class name="testScripts.SampleOneTest">
        <test-method is-config="true" signature="setupExtent()[pri:0, instance:testScripts.SampleOneTest@28eaa59a]" started-at="2024-02-07T17:24:19 IST" name="setupExtent" finished-at="2024-02-07T17:24:19 IST" duration-ms="317" status="PASS">
          <reporter-output>
          </reporter-output>
        </test-method> <!-- setupExtent -->
        <test-method is-config="true" signature="setup()[pri:0, instance:testScripts.SampleOneTest@28eaa59a]" started-at="2024-02-07T17:24:19 IST" name="setup" finished-at="2024-02-07T17:24:23 IST" duration-ms="3349" status="PASS">
          <reporter-output>
          </reporter-output>
        </test-method> <!-- setup -->
        <test-method signature="searchJavaTest()[pri:0, instance:testScripts.SampleOneTest@28eaa59a]" started-at="2024-02-07T17:24:23 IST" name="searchJavaTest" finished-at="2024-02-07T17:24:27 IST" duration-ms="4180" status="PASS">
          <reporter-output>
          </reporter-output>
        </test-method> <!-- searchJavaTest -->
        <test-method is-config="true" signature="teardown(org.testng.ITestResult)[pri:0, instance:testScripts.SampleOneTest@28eaa59a]" started-at="2024-02-07T17:24:27 IST" name="teardown" finished-at="2024-02-07T17:24:27 IST" duration-ms="152" status="PASS">
          <params>
            <param index="0">
              <value>
                <![CDATA[[TestResult name=searchJavaTest status=SUCCESS method=SampleOneTest.searchJavaTest()[pri:0, instance:testScripts.SampleOneTest@28eaa59a] output={null}]]]>
              </value>
            </param>
          </params>
          <reporter-output>
          </reporter-output>
        </test-method> <!-- teardown -->
        <test-method is-config="true" signature="setup()[pri:0, instance:testScripts.SampleOneTest@28eaa59a]" started-at="2024-02-07T17:24:27 IST" name="setup" finished-at="2024-02-07T17:24:29 IST" duration-ms="2378" status="PASS">
          <reporter-output>
          </reporter-output>
        </test-method> <!-- setup -->
        <test-method signature="searchSeleniumTest()[pri:0, instance:testScripts.SampleOneTest@28eaa59a]" started-at="2024-02-07T17:24:29 IST" name="searchSeleniumTest" finished-at="2024-02-07T17:24:33 IST" duration-ms="4029" status="PASS">
          <reporter-output>
          </reporter-output>
        </test-method> <!-- searchSeleniumTest -->
        <test-method is-config="true" signature="teardown(org.testng.ITestResult)[pri:0, instance:testScripts.SampleOneTest@28eaa59a]" started-at="2024-02-07T17:24:33 IST" name="teardown" finished-at="2024-02-07T17:24:34 IST" duration-ms="251" status="PASS">
          <params>
            <param index="0">
              <value>
                <![CDATA[[TestResult name=searchSeleniumTest status=SUCCESS method=SampleOneTest.searchSeleniumTest()[pri:0, instance:testScripts.SampleOneTest@28eaa59a] output={null}]]]>
              </value>
            </param>
          </params>
          <reporter-output>
          </reporter-output>
        </test-method> <!-- teardown -->
        <test-method is-config="true" signature="finishExtent()[pri:0, instance:testScripts.SampleOneTest@28eaa59a]" started-at="2024-02-07T17:24:34 IST" name="finishExtent" finished-at="2024-02-07T17:24:34 IST" duration-ms="692" status="PASS">
          <reporter-output>
          </reporter-output>
        </test-method> <!-- finishExtent -->
      </class> <!-- testScripts.SampleOneTest -->
    </test> <!-- ModuleOneTest -->
  </suite> <!-- SampleSuite -->
</testng-results>
