<?xml version="1.0" encoding="UTF-8"?>
<testng-results ignored="0" total="2" passed="2" failed="0" skipped="0">
  <reporter-output>
  </reporter-output>
  <suite started-at="2024-02-14T14:24:41 IST" name="SampleSuite" finished-at="2024-02-14T14:24:53 IST" duration-ms="11950">
    <groups>
    </groups>
    <test started-at="2024-02-14T14:24:41 IST" name="ModuleOneTest" finished-at="2024-02-14T14:24:53 IST" duration-ms="11950">
      <class name="testScripts.SampleOneTest">
        <test-method is-config="true" signature="setupExtent()[pri:0, instance:testScripts.SampleOneTest@647e447]" started-at="2024-02-14T14:24:41 IST" name="setupExtent" finished-at="2024-02-14T14:24:41 IST" duration-ms="271" status="PASS">
          <reporter-output>
          </reporter-output>
        </test-method> <!-- setupExtent -->
        <test-method is-config="true" signature="setup()[pri:0, instance:testScripts.SampleOneTest@647e447]" started-at="2024-02-14T14:24:41 IST" name="setup" finished-at="2024-02-14T14:24:45 IST" duration-ms="3483" status="PASS">
          <reporter-output>
          </reporter-output>
        </test-method> <!-- setup -->
        <test-method signature="searchJavaTest()[pri:0, instance:testScripts.SampleOneTest@647e447]" started-at="2024-02-14T14:24:45 IST" name="searchJavaTest" finished-at="2024-02-14T14:24:46 IST" duration-ms="1775" status="PASS">
          <reporter-output>
          </reporter-output>
        </test-method> <!-- searchJavaTest -->
        <test-method is-config="true" signature="teardown(org.testng.ITestResult)[pri:0, instance:testScripts.SampleOneTest@647e447]" started-at="2024-02-14T14:24:46 IST" name="teardown" finished-at="2024-02-14T14:24:47 IST" duration-ms="118" status="PASS">
          <params>
            <param index="0">
              <value>
                <![CDATA[[TestResult name=searchJavaTest status=SUCCESS method=SampleOneTest.searchJavaTest()[pri:0, instance:testScripts.SampleOneTest@647e447] output={null}]]]>
              </value>
            </param>
          </params>
          <reporter-output>
          </reporter-output>
        </test-method> <!-- teardown -->
        <test-method is-config="true" signature="setup()[pri:0, instance:testScripts.SampleOneTest@647e447]" started-at="2024-02-14T14:24:47 IST" name="setup" finished-at="2024-02-14T14:24:48 IST" duration-ms="1953" status="PASS">
          <reporter-output>
          </reporter-output>
        </test-method> <!-- setup -->
        <test-method signature="searchSeleniumTest()[pri:0, instance:testScripts.SampleOneTest@647e447]" started-at="2024-02-14T14:24:48 IST" name="searchSeleniumTest" finished-at="2024-02-14T14:24:52 IST" duration-ms="3622" status="PASS">
          <reporter-output>
          </reporter-output>
        </test-method> <!-- searchSeleniumTest -->
        <test-method is-config="true" signature="teardown(org.testng.ITestResult)[pri:0, instance:testScripts.SampleOneTest@647e447]" started-at="2024-02-14T14:24:52 IST" name="teardown" finished-at="2024-02-14T14:24:52 IST" duration-ms="138" status="PASS">
          <params>
            <param index="0">
              <value>
                <![CDATA[[TestResult name=searchSeleniumTest status=SUCCESS method=SampleOneTest.searchSeleniumTest()[pri:0, instance:testScripts.SampleOneTest@647e447] output={null}]]]>
              </value>
            </param>
          </params>
          <reporter-output>
          </reporter-output>
        </test-method> <!-- teardown -->
        <test-method is-config="true" signature="finishExtent()[pri:0, instance:testScripts.SampleOneTest@647e447]" started-at="2024-02-14T14:24:52 IST" name="finishExtent" finished-at="2024-02-14T14:24:53 IST" duration-ms="547" status="PASS">
          <reporter-output>
          </reporter-output>
        </test-method> <!-- finishExtent -->
      </class> <!-- testScripts.SampleOneTest -->
    </test> <!-- ModuleOneTest -->
  </suite> <!-- SampleSuite -->
</testng-results>
